INFO 2023-02-01 14:29:59 (7130) 	 /Users/simon/Desktop/envs/GEICO/checks.py check_fields_exist L232 - Field name check for complete...
INFO 2023-02-01 14:29:59 (7131) 	 /Users/simon/Desktop/envs/GEICO/checks.py check_expected_values L252 - Expected values check for feature Feature_1 following operation READ IN complete...
INFO 2023-02-01 14:29:59 (7132) 	 /Users/simon/Desktop/envs/GEICO/imputers.py run L44 - Running C impute for feature Feature_1...
INFO 2023-02-01 14:29:59 (7133) 	 /Users/simon/Desktop/envs/GEICO/imputers.py replace_imputer L70 - Running replace imputer for feature Feature_1...
INFO 2023-02-01 14:29:59 (7135) 	 /Users/simon/Desktop/envs/GEICO/imputers.py run L67 - C impute for feature Feature_1 complete...
INFO 2023-02-01 14:29:59 (7136) 	 /Users/simon/Desktop/envs/GEICO/checks.py check_expected_values L252 - Expected values check for feature Feature_2 following operation READ IN complete...
INFO 2023-02-01 14:29:59 (7138) 	 /Users/simon/Desktop/envs/GEICO/imputers.py run L44 - Running mode impute for feature Feature_2...
INFO 2023-02-01 14:29:59 (7138) 	 /Users/simon/Desktop/envs/GEICO/imputers.py fit_aggregate_imputer L74 - Running fit transform for aggregate imputer for feature Feature_2...
INFO 2023-02-01 14:29:59 (7139) 	 /Users/simon/Desktop/envs/GEICO/imputers.py fit_aggregate_imputer L82 - Fit and transform for aggregate imputer for feature Feature_2 complete...
INFO 2023-02-01 14:29:59 (7139) 	 /Users/simon/Desktop/envs/GEICO/read_write.py write_fitted_data L14 - Saving fit data for feature Feature_2...
INFO 2023-02-01 14:29:59 (7140) 	 /Users/simon/Desktop/envs/GEICO/read_write.py write_fitted_data L21 - Saving fit data for feature Feature_2 complete...
INFO 2023-02-01 14:29:59 (7140) 	 /Users/simon/Desktop/envs/GEICO/checks.py check_expected_values L252 - Expected values check for feature Feature_2 following operation Imputer complete...
INFO 2023-02-01 14:29:59 (7140) 	 /Users/simon/Desktop/envs/GEICO/imputers.py run L67 - mode impute for feature Feature_2 complete...
INFO 2023-02-01 14:29:59 (7141) 	 /Users/simon/Desktop/envs/GEICO/binners.py run L46 - Running binning for feature Feature_2...
INFO 2023-02-01 14:29:59 (7141) 	 /Users/simon/Desktop/envs/GEICO/binners.py lst_binner L67 - Running range binner fit transform for feature Feature_2...
INFO 2023-02-01 14:29:59 (7142) 	 /Users/simon/Desktop/envs/GEICO/binners.py run L63 - Binning for feature Feature_2 complete...
INFO 2023-02-01 14:29:59 (7143) 	 /Users/simon/Desktop/envs/GEICO/checks.py check_expected_values L252 - Expected values check for feature Feature_3 following operation READ IN complete...
INFO 2023-02-01 14:29:59 (7144) 	 /Users/simon/Desktop/envs/GEICO/imputers.py run L44 - Running medium impute for feature Feature_3...
INFO 2023-02-01 14:29:59 (7145) 	 /Users/simon/Desktop/envs/GEICO/imputers.py replace_imputer L70 - Running replace imputer for feature Feature_3...
INFO 2023-02-01 14:29:59 (7147) 	 /Users/simon/Desktop/envs/GEICO/imputers.py run L67 - medium impute for feature Feature_3 complete...
INFO 2023-02-01 14:29:59 (7148) 	 /Users/simon/Desktop/envs/GEICO/binners.py run L46 - Running binning for feature Feature_3...
INFO 2023-02-01 14:29:59 (7148) 	 /Users/simon/Desktop/envs/GEICO/binners.py lbl_encoder_fit L72 - Running label encoder fit transform for feature Feature_3...
INFO 2023-02-01 14:29:59 (7150) 	 /Users/simon/Desktop/envs/GEICO/binners.py lbl_encoder_fit L81 - Label encoder fit transform for feature Feature_3 complete...
INFO 2023-02-01 14:29:59 (7150) 	 /Users/simon/Desktop/envs/GEICO/read_write.py write_fitted_data L14 - Saving fit data for feature Feature_3...
INFO 2023-02-01 14:29:59 (7150) 	 /Users/simon/Desktop/envs/GEICO/read_write.py write_fitted_data L21 - Saving fit data for feature Feature_3 complete...
INFO 2023-02-01 14:29:59 (7150) 	 /Users/simon/Desktop/envs/GEICO/binners.py run L63 - Binning for feature Feature_3 complete...
INFO 2023-02-01 14:29:59 (7151) 	 /Users/simon/Desktop/envs/GEICO/checks.py check_expected_values L252 - Expected values check for feature Feature_4 following operation READ IN complete...
INFO 2023-02-01 14:29:59 (7152) 	 /Users/simon/Desktop/envs/GEICO/imputers.py run L44 - Running median impute for feature Feature_4...
INFO 2023-02-01 14:29:59 (7153) 	 /Users/simon/Desktop/envs/GEICO/imputers.py fit_aggregate_imputer L74 - Running fit transform for aggregate imputer for feature Feature_4...
INFO 2023-02-01 14:29:59 (7155) 	 /Users/simon/Desktop/envs/GEICO/imputers.py fit_aggregate_imputer L82 - Fit and transform for aggregate imputer for feature Feature_4 complete...
INFO 2023-02-01 14:29:59 (7155) 	 /Users/simon/Desktop/envs/GEICO/read_write.py write_fitted_data L14 - Saving fit data for feature Feature_4...
INFO 2023-02-01 14:29:59 (7156) 	 /Users/simon/Desktop/envs/GEICO/read_write.py write_fitted_data L21 - Saving fit data for feature Feature_4 complete...
INFO 2023-02-01 14:29:59 (7156) 	 /Users/simon/Desktop/envs/GEICO/checks.py check_expected_values L252 - Expected values check for feature Feature_4 following operation Imputer complete...
INFO 2023-02-01 14:29:59 (7156) 	 /Users/simon/Desktop/envs/GEICO/imputers.py run L67 - median impute for feature Feature_4 complete...
INFO 2023-02-01 14:29:59 (7157) 	 /Users/simon/Desktop/envs/GEICO/outlier_removers.py run L39 - Running percentile outlier removal for feature Feature_4...
INFO 2023-02-01 14:29:59 (7157) 	 /Users/simon/Desktop/envs/GEICO/outlier_removers.py percentile_remover_fit L63 - Running percentile remover fit transform for feature Feature_4...
INFO 2023-02-01 14:29:59 (7160) 	 /Users/simon/Desktop/envs/GEICO/outlier_removers.py percentile_remover_fit L67 - Percentile remover fit transform for feature Feature_4 complete...
INFO 2023-02-01 14:29:59 (7160) 	 /Users/simon/Desktop/envs/GEICO/read_write.py write_fitted_data L14 - Saving fit data for feature Feature_4...
INFO 2023-02-01 14:29:59 (7161) 	 /Users/simon/Desktop/envs/GEICO/read_write.py write_fitted_data L21 - Saving fit data for feature Feature_4 complete...
INFO 2023-02-01 14:29:59 (7162) 	 /Users/simon/Desktop/envs/GEICO/checks.py check_nans L271 - NaN check for feature Feature_4 following operation Outlier Remover complete...
INFO 2023-02-01 14:29:59 (7162) 	 /Users/simon/Desktop/envs/GEICO/checks.py check_numeric L295 - Numeric check for feature Feature_4 following operation Outlier Remover complete...
INFO 2023-02-01 14:29:59 (7162) 	 /Users/simon/Desktop/envs/GEICO/outlier_removers.py run L60 - percentile outlier removal for feature Feature_4 complete...
INFO 2023-02-01 14:29:59 (7163) 	 /Users/simon/Desktop/envs/GEICO/transformers.py run L38 - Running z_transform transformation for feature Feature_4...
INFO 2023-02-01 14:29:59 (7163) 	 /Users/simon/Desktop/envs/GEICO/transformers.py z_value_fit L78 - Performing z value fit_transform for feature Feature_4...
INFO 2023-02-01 14:29:59 (7171) 	 /Users/simon/Desktop/envs/GEICO/transformers.py z_value_fit L83 - Z value fit_transform for feature Feature_4 complete...
INFO 2023-02-01 14:29:59 (7171) 	 /Users/simon/Desktop/envs/GEICO/read_write.py write_fitted_data L14 - Saving fit data for feature Feature_4...
INFO 2023-02-01 14:29:59 (7172) 	 /Users/simon/Desktop/envs/GEICO/read_write.py write_fitted_data L21 - Saving fit data for feature Feature_4 complete...
INFO 2023-02-01 14:29:59 (7175) 	 /Users/simon/Desktop/envs/GEICO/checks.py check_expected_values L252 - Expected values check for feature Feature_5 following operation READ IN complete...
INFO 2023-02-01 14:29:59 (7176) 	 /Users/simon/Desktop/envs/GEICO/imputers.py run L44 - Running MISSING impute for feature Feature_5...
INFO 2023-02-01 14:29:59 (7176) 	 /Users/simon/Desktop/envs/GEICO/imputers.py replace_imputer L70 - Running replace imputer for feature Feature_5...
INFO 2023-02-01 14:29:59 (7177) 	 /Users/simon/Desktop/envs/GEICO/imputers.py run L67 - MISSING impute for feature Feature_5 complete...
INFO 2023-02-01 14:29:59 (7179) 	 /Users/simon/Desktop/envs/GEICO/transformers.py run L38 - Running mean transformation for feature Feature_5...
INFO 2023-02-01 14:29:59 (7179) 	 /Users/simon/Desktop/envs/GEICO/transformers.py field_mean_fit L93 - Performing field mean fit for feature Feature_5...
INFO 2023-02-01 14:29:59 (7183) 	 /Users/simon/Desktop/envs/GEICO/transformers.py field_mean_fit L97 - Field mean fit for feature Feature_5 complete...
INFO 2023-02-01 14:29:59 (7183) 	 /Users/simon/Desktop/envs/GEICO/read_write.py write_fitted_data L14 - Saving fit data for feature Feature_5...
INFO 2023-02-01 14:29:59 (7184) 	 /Users/simon/Desktop/envs/GEICO/read_write.py write_fitted_data L21 - Saving fit data for feature Feature_5 complete...
INFO 2023-02-01 14:29:59 (7184) 	 /Users/simon/Desktop/envs/GEICO/checks.py check_numeric L295 - Numeric check for feature Feature_5 following operation Transform complete...
INFO 2023-02-01 14:29:59 (7185) 	 /Users/simon/Desktop/envs/GEICO/transformers.py run L75 - mean transformation for feature Feature_5 complete...
